app/build/outputs/logs/manifest-merger-debug-report.txt
-- Merging decision tree log ---
manifest
ADDED from src\main\AndroidManifest.xml:1:1-87:12
	package
		ADDED from src\main\AndroidManifest.xml:3:5-46
		INJECTED from src\main\AndroidManifest.xml
		INJECTED from src\main\AndroidManifest.xml
	android:versionName
		INJECTED from src\main\AndroidManifest.xml
		INJECTED from src\main\AndroidManifest.xml
	xmlns:android
		ADDED from src\main\AndroidManifest.xml:1:11-69
	android:versionCode
		INJECTED from src\main\AndroidManifest.xml
		INJECTED from src\main\AndroidManifest.xml
uses-permission#android.permission.INTERNET
ADDED from src\main\AndroidManifest.xml:5:5-66
	android:name
		ADDED from src\main\AndroidManifest.xml:5:22-64
application
ADDED from src\main\AndroidManifest.xml:7:5-85:19
MERGED from [com.android.support:appcompat-v7:26.0.0-alpha1] AndroidManifest.xml:29:5-20
MERGED from [com.android.support:animated-vector-drawable:26.0.0-alpha1] AndroidManifest.xml:26:5-20
MERGED from [com.android.support:support-vector-drawable:26.0.0-alpha1] AndroidManifest.xml:26:5-20
MERGED from [com.android.support:support-v4:26.0.0-alpha1] AndroidManifest.xml:29:5-20
MERGED from [com.android.support:support-media-compat:26.0.0-alpha1] AndroidManifest.xml:29:5-20
MERGED from [com.android.support:support-fragment:26.0.0-alpha1] AndroidManifest.xml:29:5-20
MERGED from [com.android.support:support-core-ui:26.0.0-alpha1] AndroidManifest.xml:29:5-20
MERGED from [com.android.support:support-core-utils:26.0.0-alpha1] AndroidManifest.xml:29:5-20
MERGED from [com.android.support:support-compat:26.0.0-alpha1] AndroidManifest.xml:29:5-20
MERGED from [com.android.support.constraint:constraint-layout:1.0.2] AndroidManifest.xml:9:5-20
	android:label
		ADDED from src\main\AndroidManifest.xml:10:9-38
	android:supportsRtl
		ADDED from src\main\AndroidManifest.xml:12:9-35
	android:roundIcon
		ADDED from src\main\AndroidManifest.xml:11:9-54
	android:allowBackup
		ADDED from src\main\AndroidManifest.xml:8:9-35
	android:icon
		ADDED from src\main\AndroidManifest.xml:9:9-41
	android:theme
		ADDED from src\main\AndroidManifest.xml:13:9-40
activity#com.example.agent48.termproject.Activity.MainActivity
ADDED from src\main\AndroidManifest.xml:15:9-20:20
	android:noHistory
		ADDED from src\main\AndroidManifest.xml:15:57-81
	android:name
		ADDED from src\main\AndroidManifest.xml:15:19-56
intent-filter#android.intent.action.MAIN+android.intent.category.LAUNCHER
ADDED from src\main\AndroidManifest.xml:16:13-19:29
action#android.intent.action.MAIN
ADDED from src\main\AndroidManifest.xml:17:17-68
	android:name
		ADDED from src\main\AndroidManifest.xml:17:25-66
category#android.intent.category.LAUNCHER
ADDED from src\main\AndroidManifest.xml:18:17-76
	android:name
		ADDED from src\main\AndroidManifest.xml:18:27-74
activity#com.example.agent48.termproject.Menu.MainMenu
ADDED from src\main\AndroidManifest.xml:22:9-27:20
	android:noHistory
		ADDED from src\main\AndroidManifest.xml:22:49-74
	android:name
		ADDED from src\main\AndroidManifest.xml:22:19-48
intent-filter#android.intent.category.DEFAULT+com.example.agent48.termproject.MAIN_MENU
ADDED from src\main\AndroidManifest.xml:23:13-26:29
action#com.example.agent48.termproject.MAIN_MENU
ADDED from src\main\AndroidManifest.xml:24:17-83
	android:name
		ADDED from src\main\AndroidManifest.xml:24:25-81
category#android.intent.category.DEFAULT
ADDED from src\main\AndroidManifest.xml:25:17-75
	android:name
		ADDED from src\main\AndroidManifest.xml:25:27-73
activity#com.example.agent48.termproject.Menu.DatabaseMenu
ADDED from src\main\AndroidManifest.xml:29:9-34:20
	android:noHistory
		ADDED from src\main\AndroidManifest.xml:29:53-77
	android:name
		ADDED from src\main\AndroidManifest.xml:29:19-52
intent-filter#android.intent.category.DEFAULT+com.example.agent48.termproject.DATABASE_MENU
ADDED from src\main\AndroidManifest.xml:30:13-33:29
action#com.example.agent48.termproject.DATABASE_MENU
ADDED from src\main\AndroidManifest.xml:31:17-87
	android:name
		ADDED from src\main\AndroidManifest.xml:31:25-85
activity#com.example.agent48.termproject.Menu.StockMenu
ADDED from src\main\AndroidManifest.xml:36:9-41:20
	android:noHistory
		ADDED from src\main\AndroidManifest.xml:36:50-74
	android:name
		ADDED from src\main\AndroidManifest.xml:36:19-49
intent-filter#android.intent.category.DEFAULT+com.example.agent48.termproject.STOCK_MENU
ADDED from src\main\AndroidManifest.xml:37:13-40:29
action#com.example.agent48.termproject.STOCK_MENU
ADDED from src\main\AndroidManifest.xml:38:17-84
	android:name
		ADDED from src\main\AndroidManifest.xml:38:25-82
activity#com.example.agent48.termproject.Menu.AddProduct
ADDED from src\main\AndroidManifest.xml:43:9-48:20
	android:noHistory
		ADDED from src\main\AndroidManifest.xml:43:51-75
	android:name
		ADDED from src\main\AndroidManifest.xml:43:19-50
intent-filter#android.intent.category.DEFAULT+com.example.agent48.termproject.ADD_PRODUCT
ADDED from src\main\AndroidManifest.xml:44:13-47:29
action#com.example.agent48.termproject.ADD_PRODUCT
ADDED from src\main\AndroidManifest.xml:45:17-85
	android:name
		ADDED from src\main\AndroidManifest.xml:45:25-83
activity#com.example.agent48.termproject.Menu.UpdateProduct
ADDED from src\main\AndroidManifest.xml:50:9-55:20
	android:noHistory
		ADDED from src\main\AndroidManifest.xml:50:54-78
	android:name
		ADDED from src\main\AndroidManifest.xml:50:19-53
intent-filter#android.intent.category.DEFAULT+com.example.agent48.termproject.UPDATE_PRODUCT
ADDED from src\main\AndroidManifest.xml:51:13-54:29
action#com.example.agent48.termproject.UPDATE_PRODUCT
ADDED from src\main\AndroidManifest.xml:52:17-88
	android:name
		ADDED from src\main\AndroidManifest.xml:52:25-86
activity#com.example.agent48.termproject.Menu.DecreasingMenu
ADDED from src\main\AndroidManifest.xml:57:9-62:20
	android:noHistory
		ADDED from src\main\AndroidManifest.xml:57:55-79
	android:name
		ADDED from src\main\AndroidManifest.xml:57:19-54
intent-filter#android.intent.category.DEFAULT+com.example.agent48.termproject.DECREASING_MENU
ADDED from src\main\AndroidManifest.xml:58:13-61:29
action#com.example.agent48.termproject.DECREASING_MENU
ADDED from src\main\AndroidManifest.xml:59:17-89
	android:name
		ADDED from src\main\AndroidManifest.xml:59:25-87
activity#com.example.agent48.termproject.Menu.OrderMenu
ADDED from src\main\AndroidManifest.xml:64:9-69:20
	android:noHistory
		ADDED from src\main\AndroidManifest.xml:64:50-74
	android:name
		ADDED from src\main\AndroidManifest.xml:64:19-49
intent-filter#android.intent.category.DEFAULT+com.example.agent48.termproject.ORDER_MENU
ADDED from src\main\AndroidManifest.xml:65:13-68:29
action#com.example.agent48.termproject.ORDER_MENU
ADDED from src\main\AndroidManifest.xml:66:17-84
	android:name
		ADDED from src\main\AndroidManifest.xml:66:25-82
activity#com.example.agent48.termproject.Menu.LogMenu
ADDED from src\main\AndroidManifest.xml:71:9-76:20
	android:noHistory
		ADDED from src\main\AndroidManifest.xml:71:48-72
	android:name
		ADDED from src\main\AndroidManifest.xml:71:19-47
intent-filter#android.intent.category.DEFAULT+com.example.agent48.termproject.LOG_MENU
ADDED from src\main\AndroidManifest.xml:72:13-75:29
action#com.example.agent48.termproject.LOG_MENU
ADDED from src\main\AndroidManifest.xml:73:17-82
	android:name
		ADDED from src\main\AndroidManifest.xml:73:25-80
activity#com.example.agent48.termproject.Menu.RequestMenu
ADDED from src\main\AndroidManifest.xml:78:9-83:20
	android:noHistory
		ADDED from src\main\AndroidManifest.xml:78:52-76
	android:name
		ADDED from src\main\AndroidManifest.xml:78:19-51
intent-filter#android.intent.category.DEFAULT+com.example.agent48.termproject.REQUEST_MENU
ADDED from src\main\AndroidManifest.xml:79:13-82:29
action#com.example.agent48.termproject.REQUEST_MENU
ADDED from src\main\AndroidManifest.xml:80:17-86
	android:name
		ADDED from src\main\AndroidManifest.xml:80:25-84
uses-sdk
INJECTED from src\main\AndroidManifest.xml reason: use-sdk injection requested
MERGED from [com.android.support:appcompat-v7:26.0.0-alpha1] AndroidManifest.xml:21:5-23:78
MERGED from [com.android.support:animated-vector-drawable:26.0.0-alpha1] AndroidManifest.xml:20:5-44
MERGED from [com.android.support:support-vector-drawable:26.0.0-alpha1] AndroidManifest.xml:20:5-44
MERGED from [com.baoyz.swipemenulistview:library:1.3.0] AndroidManifest.xml:7:5-9:41
MERGED from [com.android.support:support-v4:26.0.0-alpha1] AndroidManifest.xml:21:5-23:54
MERGED from [com.android.support:support-media-compat:26.0.0-alpha1] AndroidManifest.xml:21:5-23:63
MERGED from [com.android.support:support-fragment:26.0.0-alpha1] AndroidManifest.xml:21:5-23:60
MERGED from [com.android.support:support-core-ui:26.0.0-alpha1] AndroidManifest.xml:21:5-23:58
MERGED from [com.android.support:support-core-utils:26.0.0-alpha1] AndroidManifest.xml:21:5-23:61
MERGED from [com.android.support:support-compat:26.0.0-alpha1] AndroidManifest.xml:21:5-23:58
MERGED from [com.android.support.constraint:constraint-layout:1.0.2] AndroidManifest.xml:5:5-7:41
	tools:overrideLibrary
		ADDED from [com.android.support:appcompat-v7:26.0.0-alpha1] AndroidManifest.xml:23:9-75
	android:targetSdkVersion
		INJECTED from src\main\AndroidManifest.xml
		INJECTED from src\main\AndroidManifest.xml
	android:minSdkVersion
		INJECTED from src\main\AndroidManifest.xml
		INJECTED from src\main\AndroidManifest.xml
meta-data#android.support.VERSION
ADDED from [com.android.support:appcompat-v7:26.0.0-alpha1] AndroidManifest.xml:25:5-27:41
MERGED from [com.android.support:animated-vector-drawable:26.0.0-alpha1] AndroidManifest.xml:22:5-24:41
MERGED from [com.android.support:support-vector-drawable:26.0.0-alpha1] AndroidManifest.xml:22:5-24:41
MERGED from [com.android.support:support-v4:26.0.0-alpha1] AndroidManifest.xml:25:5-27:41
MERGED from [com.android.support:support-media-compat:26.0.0-alpha1] AndroidManifest.xml:25:5-27:41
MERGED from [com.android.support:support-fragment:26.0.0-alpha1] AndroidManifest.xml:25:5-27:41
MERGED from [com.android.support:support-core-ui:26.0.0-alpha1] AndroidManifest.xml:25:5-27:41
MERGED from [com.android.support:support-core-utils:26.0.0-alpha1] AndroidManifest.xml:25:5-27:41
MERGED from [com.android.support:support-compat:26.0.0-alpha1] AndroidManifest.xml:25:5-27:41
	android:value
		ADDED from [com.android.support:appcompat-v7:26.0.0-alpha1] AndroidManifest.xml:27:9-38
	android:name
		ADDED from [com.android.support:appcompat-v7:26.0.0-alpha1] AndroidManifest.xml:26:9-47